<?xml version="1.0" encoding="UTF-8"?>
<testsuite xmlns:xsi="http://www.w3.org/2001/XMLSchema-instance" xsi:noNamespaceSchemaLocation="https://maven.apache.org/surefire/maven-surefire-plugin/xsd/surefire-test-report-3.0.xsd" version="3.0" name="com.example.docker.DockerspringbootApplicationTests" time="5.161" tests="1" errors="0" skipped="0" failures="0">
  <properties>
[...]
</properties>
  <testcase name="contextLoads" classname="com.example.docker.DockerspringbootApplicationTests" time="1.662">
    <system-out><![CDATA[10:14:55.977 [main] INFO org.springframework.test.context.support.AnnotationConfigContextLoaderUtils -- Could not detect default configuration classes for test class [com.example.docker.DockerspringbootApplicationTests]: DockerspringbootApplicationTests does not declare any static, non-private, non-final, nested classes annotated with @Configuration.
10:14:56.210 [main] INFO org.springframework.boot.test.context.SpringBootTestContextBootstrapper -- Found @SpringBootConfiguration com.example.docker.DockerspringbootApplication for test class com.example.docker.DockerspringbootApplicationTests

  .   ____          _            __ _ _
 /\\ / ___'_ __ _ _(_)_ __  __ _ \ \ \ \
( ( )\___ | '_ | '_| | '_ \/ _` | \ \ \ \
 \\/  ___)| |_)| | | | | || (_| |  ) ) ) )
  '  |____| .__|_| |_|_| |_\__, | / / / /
 =========|_|==============|___/=/_/_/_/

 :: Spring Boot ::                (v3.3.4)

2024-10-23T10:14:56.911+05:30  INFO 620 --- [dockerspringboot] [           main] c.e.d.DockerspringbootApplicationTests   : Starting DockerspringbootApplicationTests using Java 17.0.11 with PID 620 (started by Administrator in D:\javaspringboot\dockerspringboot)
2024-10-23T10:14:56.913+05:30  INFO 620 --- [dockerspringboot] [           main] c.e.d.DockerspringbootApplicationTests   : No active profile set, falling back to 1 default profile: "default"
2024-10-23T10:14:59.131+05:30  INFO 620 --- [dockerspringboot] [           main] c.e.d.DockerspringbootApplicationTests   : Started DockerspringbootApplicationTests in 2.656 seconds (process running for 4.705)
]]></system-out>
  </testcase>
</testsuite>